<?xml version="1.0" encoding="UTF-8"?>
<!-- Generated by org.testng.reporters.JUnitReportReporter -->
<testsuite hostname="nipunverma" failures="0" tests="4" name="com.TestCases.TestCase_AllRequests" time="3.923" errors="0" timestamp="22 Sep 2021 09:56:47 GMT" skipped="0">
  <testcase classname="com.TestCases.TestCase_AllRequests" name="postRequest_TestCase" time="3.442"/>
  <testcase classname="com.TestCases.TestCase_AllRequests" name="getRequest_TestCase" time="0.157"/>
  <testcase classname="com.TestCases.TestCase_AllRequests" name="putRequest_TestCase" time="0.237"/>
  <testcase classname="com.TestCases.TestCase_AllRequests" name="DeleteRequest_TestCase" time="0.087"/>
</testsuite> <!-- com.TestCases.TestCase_AllRequests -->
