<?xml version="1.0" encoding="UTF-8"?>
<!-- Generated by org.testng.reporters.JUnitReportReporter -->
<testsuite hostname="nipunverma" failures="0" tests="4" name="com.TestCases.TestCase_AllRequests" time="2.495" errors="0" timestamp="28 Sep 2021 07:41:28 GMT" skipped="0">
  <testcase classname="com.TestCases.TestCase_AllRequests" name="postRequest_TestCase" time="2.186"/>
  <testcase classname="com.TestCases.TestCase_AllRequests" name="getRequest_TestCase" time="0.140"/>
  <testcase classname="com.TestCases.TestCase_AllRequests" name="putRequest_TestCase" time="0.103"/>
  <testcase classname="com.TestCases.TestCase_AllRequests" name="DeleteRequest_TestCase" time="0.066"/>
</testsuite> <!-- com.TestCases.TestCase_AllRequests -->
